# JRE version: OpenJDK Runtime Environment Temurin-21.0.8+9 (21.0.8+9) (build 21.0.8+9-LTS)
# Java VM: OpenJDK 64-Bit Server VM Temurin-21.0.8+9 (21.0.8+9-LTS, mixed mode, sharing, tiered, compressed oops, compressed class ptrs, parallel gc, windows-amd64)
GC Precious Log:
 CardTable entry size: 512
 CPUs: 8 total, 8 available
 Memory: 3800M
 Large Page Support: Disabled
 NUMA Support: Disabled
 Compressed Oops: Enabled (32-bit)
 Alignments: Space 512K, Generation 512K, Heap 2M
 Heap Min Capacity: 100M
 Heap Initial Capacity: 100M
 Heap Max Capacity: 2G
 Pre-touch: Disabled
 Parallel Workers: 8
Heap:
 PSYoungGen      total 3584K, used 2442K [0x00000000d5580000, 0x00000000d5b00000, 0x0000000100000000)
  eden space 2560K, 60% used [0x00000000d5580000,0x00000000d5702990,0x00000000d5800000)
  from space 1024K, 87% used [0x00000000d5a00000,0x00000000d5ae0000,0x00000000d5b00000)
  to   space 1536K, 0% used [0x00000000d5800000,0x00000000d5800000,0x00000000d5980000)
 ParOldGen       total 840192K, used 839936K [0x0000000080000000, 0x00000000b3480000, 0x00000000d5580000)
  object space 840192K, 99% used [0x0000000080000000,0x00000000b34403f0,0x00000000b3480000)
 Metaspace       used 81114K, committed 82816K, reserved 1179648K
  class space    used 8645K, committed 9344K, reserved 1048576K
GC Heap History (20 events):
Event: 1368.527 GC heap before
{Heap before GC invocations=940 (full 3):
 PSYoungGen      total 3072K, used 2815K [0x00000000d5580000, 0x00000000d5980000, 0x0000000100000000)
  eden space 2560K, 99% used [0x00000000d5580000,0x00000000d57ffff8,0x00000000d5800000)
  from space 512K, 50% used [0x00000000d5900000,0x00000000d5940000,0x00000000d5980000)
  to   space 512K, 0% used [0x00000000d5880000,0x00000000d5880000,0x00000000d5900000)
 ParOldGen       total 835072K, used 834644K [0x0000000080000000, 0x00000000b2f80000, 0x00000000d5580000)
  object space 835072K, 99% used [0x0000000080000000,0x00000000b2f152b0,0x00000000b2f80000)
 Metaspace       used 80818K, committed 82432K, reserved 1179648K
  class space    used 8605K, committed 9280K, reserved 1048576K
}
Event: 1369.842 GC heap after
{Heap after GC invocations=940 (full 3):
 PSYoungGen      total 3072K, used 320K [0x00000000d5580000, 0x00000000d5980000, 0x0000000100000000)
  eden space 2560K, 0% used [0x00000000d5580000,0x00000000d5580000,0x00000000d5800000)
  from space 512K, 62% used [0x00000000d5880000,0x00000000d58d0000,0x00000000d5900000)
  to   space 512K, 0% used [0x00000000d5900000,0x00000000d5900000,0x00000000d5980000)
 ParOldGen       total 835072K, used 834764K [0x0000000080000000, 0x00000000b2f80000, 0x00000000d5580000)
  object space 835072K, 99% used [0x0000000080000000,0x00000000b2f332b0,0x00000000b2f80000)
 Metaspace       used 80818K, committed 82432K, reserved 1179648K
  class space    used 8605K, committed 9280K, reserved 1048576K
}
Event: 1374.762 GC heap before
{Heap before GC invocations=941 (full 3):
 PSYoungGen      total 3072K, used 2880K [0x00000000d5580000, 0x00000000d5980000, 0x0000000100000000)
  eden space 2560K, 100% used [0x00000000d5580000,0x00000000d5800000,0x00000000d5800000)
  from space 512K, 62% used [0x00000000d5880000,0x00000000d58d0000,0x00000000d5900000)
  to   space 512K, 0% used [0x00000000d5900000,0x00000000d5900000,0x00000000d5980000)
 ParOldGen       total 835072K, used 834764K [0x0000000080000000, 0x00000000b2f80000, 0x00000000d5580000)
  object space 835072K, 99% used [0x0000000080000000,0x00000000b2f332b0,0x00000000b2f80000)
 Metaspace       used 80847K, committed 82432K, reserved 1179648K
  class space    used 8606K, committed 9280K, reserved 1048576K
}
Event: 1374.770 GC heap after
{Heap after GC invocations=941 (full 3):
 PSYoungGen      total 3072K, used 192K [0x00000000d5580000, 0x00000000d5980000, 0x0000000100000000)
  eden space 2560K, 0% used [0x00000000d5580000,0x00000000d5580000,0x00000000d5800000)
  from space 512K, 37% used [0x00000000d5900000,0x00000000d5930000,0x00000000d5980000)
  to   space 512K, 0% used [0x00000000d5880000,0x00000000d5880000,0x00000000d5900000)
 ParOldGen       total 835072K, used 834852K [0x0000000080000000, 0x00000000b2f80000, 0x00000000d5580000)
  object space 835072K, 99% used [0x0000000080000000,0x00000000b2f492b0,0x00000000b2f80000)
 Metaspace       used 80847K, committed 82432K, reserved 1179648K
  class space    used 8606K, committed 9280K, reserved 1048576K
}
Event: 1374.923 GC heap before
{Heap before GC invocations=942 (full 3):
 PSYoungGen      total 3072K, used 2752K [0x00000000d5580000, 0x00000000d5980000, 0x0000000100000000)
  eden space 2560K, 100% used [0x00000000d5580000,0x00000000d5800000,0x00000000d5800000)
  from space 512K, 37% used [0x00000000d5900000,0x00000000d5930000,0x00000000d5980000)
  to   space 512K, 0% used [0x00000000d5880000,0x00000000d5880000,0x00000000d5900000)
 ParOldGen       total 835072K, used 834852K [0x0000000080000000, 0x00000000b2f80000, 0x00000000d5580000)
  object space 835072K, 99% used [0x0000000080000000,0x00000000b2f492b0,0x00000000b2f80000)
 Metaspace       used 80855K, committed 82432K, reserved 1179648K
  class space    used 8606K, committed 9280K, reserved 1048576K
}
Event: 1374.932 GC heap after
{Heap after GC invocations=942 (full 3):
 PSYoungGen      total 3072K, used 256K [0x00000000d5580000, 0x00000000d5980000, 0x0000000100000000)
  eden space 2560K, 0% used [0x00000000d5580000,0x00000000d5580000,0x00000000d5800000)
  from space 512K, 50% used [0x00000000d5880000,0x00000000d58c0000,0x00000000d5900000)
  to   space 512K, 0% used [0x00000000d5900000,0x00000000d5900000,0x00000000d5980000)
 ParOldGen       total 835072K, used 834916K [0x0000000080000000, 0x00000000b2f80000, 0x00000000d5580000)
  object space 835072K, 99% used [0x0000000080000000,0x00000000b2f592b0,0x00000000b2f80000)
 Metaspace       used 80855K, committed 82432K, reserved 1179648K
  class space    used 8606K, committed 9280K, reserved 1048576K
}
Event: 1432.368 GC heap before
{Heap before GC invocations=943 (full 3):
 PSYoungGen      total 3072K, used 2816K [0x00000000d5580000, 0x00000000d5980000, 0x0000000100000000)
  eden space 2560K, 100% used [0x00000000d5580000,0x00000000d5800000,0x00000000d5800000)
  from space 512K, 50% used [0x00000000d5880000,0x00000000d58c0000,0x00000000d5900000)
  to   space 512K, 0% used [0x00000000d5900000,0x00000000d5900000,0x00000000d5980000)
 ParOldGen       total 835072K, used 834916K [0x0000000080000000, 0x00000000b2f80000, 0x00000000d5580000)
  object space 835072K, 99% used [0x0000000080000000,0x00000000b2f592b0,0x00000000b2f80000)
 Metaspace       used 80919K, committed 82624K, reserved 1179648K
  class space    used 8617K, committed 9344K, reserved 1048576K
}
Event: 1433.554 GC heap after
{Heap after GC invocations=943 (full 3):
 PSYoungGen      total 3072K, used 320K [0x00000000d5580000, 0x00000000d5980000, 0x0000000100000000)
  eden space 2560K, 0% used [0x00000000d5580000,0x00000000d5580000,0x00000000d5800000)
  from space 512K, 62% used [0x00000000d5900000,0x00000000d5950020,0x00000000d5980000)
  to   space 512K, 0% used [0x00000000d5880000,0x00000000d5880000,0x00000000d5900000)
 ParOldGen       total 835072K, used 834972K [0x0000000080000000, 0x00000000b2f80000, 0x00000000d5580000)
  object space 835072K, 99% used [0x0000000080000000,0x00000000b2f672c0,0x00000000b2f80000)
 Metaspace       used 80919K, committed 82624K, reserved 1179648K
  class space    used 8617K, committed 9344K, reserved 1048576K
}
Event: 1439.867 GC heap before
{Heap before GC invocations=944 (full 3):
 PSYoungGen      total 3072K, used 2879K [0x00000000d5580000, 0x00000000d5980000, 0x0000000100000000)
  eden space 2560K, 99% used [0x00000000d5580000,0x00000000d57fff58,0x00000000d5800000)
  from space 512K, 62% used [0x00000000d5900000,0x00000000d5950020,0x00000000d5980000)
  to   space 512K, 0% used [0x00000000d5880000,0x00000000d5880000,0x00000000d5900000)
 ParOldGen       total 835072K, used 834972K [0x0000000080000000, 0x00000000b2f80000, 0x00000000d5580000)
  object space 835072K, 99% used [0x0000000080000000,0x00000000b2f672c0,0x00000000b2f80000)
 Metaspace       used 80957K, committed 82688K, reserved 1179648K
  class space    used 8619K, committed 9344K, reserved 1048576K
}
Event: 1441.177 GC heap after
{Heap after GC invocations=944 (full 3):
 PSYoungGen      total 3072K, used 244K [0x00000000d5580000, 0x00000000d5980000, 0x0000000100000000)
  eden space 2560K, 0% used [0x00000000d5580000,0x00000000d5580000,0x00000000d5800000)
  from space 512K, 47% used [0x00000000d5880000,0x00000000d58bd200,0x00000000d5900000)
  to   space 512K, 0% used [0x00000000d5900000,0x00000000d5900000,0x00000000d5980000)
 ParOldGen       total 835584K, used 835148K [0x0000000080000000, 0x00000000b3000000, 0x00000000d5580000)
  object space 835584K, 99% used [0x0000000080000000,0x00000000b2f932e0,0x00000000b3000000)
 Metaspace       used 80957K, committed 82688K, reserved 1179648K
  class space    used 8619K, committed 9344K, reserved 1048576K
}
Event: 1443.347 GC heap before
{Heap before GC invocations=945 (full 3):
 PSYoungGen      total 3072K, used 2608K [0x00000000d5580000, 0x00000000d5980000, 0x0000000100000000)
  eden space 2560K, 92% used [0x00000000d5580000,0x00000000d57cf150,0x00000000d5800000)
  from space 512K, 47% used [0x00000000d5880000,0x00000000d58bd200,0x00000000d5900000)
  to   space 512K, 0% used [0x00000000d5900000,0x00000000d5900000,0x00000000d5980000)
 ParOldGen       total 835584K, used 835148K [0x0000000080000000, 0x00000000b3000000, 0x00000000d5580000)
  object space 835584K, 99% used [0x0000000080000000,0x00000000b2f932e0,0x00000000b3000000)
 Metaspace       used 80999K, committed 82688K, reserved 1179648K
  class space    used 8621K, committed 9344K, reserved 1048576K
}
Event: 1443.388 GC heap after
{Heap after GC invocations=945 (full 3):
 PSYoungGen      total 3072K, used 496K [0x00000000d5580000, 0x00000000d5a00000, 0x0000000100000000)
  eden space 2560K, 0% used [0x00000000d5580000,0x00000000d5580000,0x00000000d5800000)
  from space 512K, 97% used [0x00000000d5900000,0x00000000d597c2d8,0x00000000d5980000)
  to   space 1024K, 0% used [0x00000000d5800000,0x00000000d5800000,0x00000000d5900000)
 ParOldGen       total 835584K, used 835385K [0x0000000080000000, 0x00000000b3000000, 0x00000000d5580000)
  object space 835584K, 99% used [0x0000000080000000,0x00000000b2fce4e0,0x00000000b3000000)
 Metaspace       used 80999K, committed 82688K, reserved 1179648K
  class space    used 8621K, committed 9344K, reserved 1048576K
}
Event: 1443.567 GC heap before
{Heap before GC invocations=946 (full 3):
 PSYoungGen      total 3072K, used 2632K [0x00000000d5580000, 0x00000000d5a00000, 0x0000000100000000)
  eden space 2560K, 83% used [0x00000000d5580000,0x00000000d5795da0,0x00000000d5800000)
  from space 512K, 97% used [0x00000000d5900000,0x00000000d597c2d8,0x00000000d5980000)
  to   space 1024K, 0% used [0x00000000d5800000,0x00000000d5800000,0x00000000d5900000)
 ParOldGen       total 835584K, used 835385K [0x0000000080000000, 0x00000000b3000000, 0x00000000d5580000)
  object space 835584K, 99% used [0x0000000080000000,0x00000000b2fce4e0,0x00000000b3000000)
 Metaspace       used 81001K, committed 82688K, reserved 1179648K
  class space    used 8621K, committed 9344K, reserved 1048576K
}
Event: 1443.649 GC heap after
{Heap after GC invocations=946 (full 3):
 PSYoungGen      total 3584K, used 1021K [0x00000000d5580000, 0x00000000d5d00000, 0x0000000100000000)
  eden space 2560K, 0% used [0x00000000d5580000,0x00000000d5580000,0x00000000d5800000)
  from space 1024K, 99% used [0x00000000d5800000,0x00000000d58ff460,0x00000000d5900000)
  to   space 2560K, 0% used [0x00000000d5a80000,0x00000000d5a80000,0x00000000d5d00000)
 ParOldGen       total 836608K, used 836564K [0x0000000080000000, 0x00000000b3100000, 0x00000000d5580000)
  object space 836608K, 99% used [0x0000000080000000,0x00000000b30f5190,0x00000000b3100000)
 Metaspace       used 81001K, committed 82688K, reserved 1179648K
  class space    used 8621K, committed 9344K, reserved 1048576K
}
Event: 1443.997 GC heap before
{Heap before GC invocations=947 (full 3):
 PSYoungGen      total 3584K, used 3581K [0x00000000d5580000, 0x00000000d5d00000, 0x0000000100000000)
  eden space 2560K, 100% used [0x00000000d5580000,0x00000000d5800000,0x00000000d5800000)
  from space 1024K, 99% used [0x00000000d5800000,0x00000000d58ff460,0x00000000d5900000)
  to   space 2560K, 0% used [0x00000000d5a80000,0x00000000d5a80000,0x00000000d5d00000)
 ParOldGen       total 836608K, used 836564K [0x0000000080000000, 0x00000000b3100000, 0x00000000d5580000)
  object space 836608K, 99% used [0x0000000080000000,0x00000000b30f5190,0x00000000b3100000)
 Metaspace       used 81001K, committed 82688K, reserved 1179648K
  class space    used 8621K, committed 9344K, reserved 1048576K
}
Event: 1444.005 GC heap after
{Heap after GC invocations=947 (full 3):
 PSYoungGen      total 5120K, used 2363K [0x00000000d5580000, 0x00000000d5d00000, 0x0000000100000000)
  eden space 2560K, 0% used [0x00000000d5580000,0x00000000d5580000,0x00000000d5800000)
  from space 2560K, 92% used [0x00000000d5a80000,0x00000000d5ccef78,0x00000000d5d00000)
  to   space 2560K, 0% used [0x00000000d5800000,0x00000000d5800000,0x00000000d5a80000)
 ParOldGen       total 837632K, used 837472K [0x0000000080000000, 0x00000000b3200000, 0x00000000d5580000)
  object space 837632K, 99% used [0x0000000080000000,0x00000000b31d8260,0x00000000b3200000)
 Metaspace       used 81001K, committed 82688K, reserved 1179648K
  class space    used 8621K, committed 9344K, reserved 1048576K
}
Event: 1460.583 GC heap before
{Heap before GC invocations=948 (full 3):
 PSYoungGen      total 5120K, used 4923K [0x00000000d5580000, 0x00000000d5d00000, 0x0000000100000000)
  eden space 2560K, 100% used [0x00000000d5580000,0x00000000d5800000,0x00000000d5800000)
  from space 2560K, 92% used [0x00000000d5a80000,0x00000000d5ccef78,0x00000000d5d00000)
  to   space 2560K, 0% used [0x00000000d5800000,0x00000000d5800000,0x00000000d5a80000)
 ParOldGen       total 837632K, used 837472K [0x0000000080000000, 0x00000000b3200000, 0x00000000d5580000)
  object space 837632K, 99% used [0x0000000080000000,0x00000000b31d8260,0x00000000b3200000)
 Metaspace       used 81084K, committed 82752K, reserved 1179648K
  class space    used 8643K, committed 9344K, reserved 1048576K
}
Event: 1462.989 GC heap after
{Heap after GC invocations=948 (full 3):
 PSYoungGen      total 4608K, used 1808K [0x00000000d5580000, 0x00000000d5c00000, 0x0000000100000000)
  eden space 2560K, 0% used [0x00000000d5580000,0x00000000d5580000,0x00000000d5800000)
  from space 2048K, 88% used [0x00000000d5800000,0x00000000d59c41b8,0x00000000d5a00000)
  to   space 2048K, 0% used [0x00000000d5a00000,0x00000000d5a00000,0x00000000d5c00000)
 ParOldGen       total 840192K, used 839712K [0x0000000080000000, 0x00000000b3480000, 0x00000000d5580000)
  object space 840192K, 99% used [0x0000000080000000,0x00000000b34083f0,0x00000000b3480000)
 Metaspace       used 81084K, committed 82752K, reserved 1179648K
  class space    used 8643K, committed 9344K, reserved 1048576K
}
Event: 1667.011 GC heap before
{Heap before GC invocations=949 (full 3):
 PSYoungGen      total 4608K, used 4368K [0x00000000d5580000, 0x00000000d5c00000, 0x0000000100000000)
  eden space 2560K, 100% used [0x00000000d5580000,0x00000000d5800000,0x00000000d5800000)
  from space 2048K, 88% used [0x00000000d5800000,0x00000000d59c41b8,0x00000000d5a00000)
  to   space 2048K, 0% used [0x00000000d5a00000,0x00000000d5a00000,0x00000000d5c00000)
 ParOldGen       total 840192K, used 839712K [0x0000000080000000, 0x00000000b3480000, 0x00000000d5580000)
  object space 840192K, 99% used [0x0000000080000000,0x00000000b34083f0,0x00000000b3480000)
 Metaspace       used 81101K, committed 82816K, reserved 1179648K
  class space    used 8645K, committed 9344K, reserved 1048576K
}
Event: 1667.371 GC heap after
{Heap after GC invocations=949 (full 3):
 PSYoungGen      total 3584K, used 896K [0x00000000d5580000, 0x00000000d5b00000, 0x0000000100000000)
  eden space 2560K, 0% used [0x00000000d5580000,0x00000000d5580000,0x00000000d5800000)
  from space 1024K, 87% used [0x00000000d5a00000,0x00000000d5ae0000,0x00000000d5b00000)
  to   space 1536K, 0% used [0x00000000d5800000,0x00000000d5800000,0x00000000d5980000)
 ParOldGen       total 840192K, used 839936K [0x0000000080000000, 0x00000000b3480000, 0x00000000d5580000)
  object space 840192K, 99% used [0x0000000080000000,0x00000000b34403f0,0x00000000b3480000)
 Metaspace       used 81101K, committed 82816K, reserved 1179648K
  class space    used 8645K, committed 9344K, reserved 1048576K
}

